<?xml version="1.0" encoding="UTF-8"?>
<coverage generated="1772225834444" clover="3.2.0">
  <project timestamp="1772225834444" name="All files">
    <metrics statements="146" coveredstatements="146" conditionals="79" coveredconditionals="63" methods="37" coveredmethods="37" elements="262" coveredelements="246" complexity="0" loc="146" ncloc="146" packages="1" files="2" classes="2"/>
    <file name="api.ts" path="/Users/shanedasbach/code_projects/everyday-elo-mobile/lib/api.ts">
      <metrics statements="106" coveredstatements="106" conditionals="66" coveredconditionals="50" methods="20" coveredmethods="20"/>
      <line num="1" count="1" type="stmt"/>
      <line num="53" count="3" type="stmt"/>
      <line num="60" count="1" type="stmt"/>
      <line num="66" count="2" type="stmt"/>
      <line num="68" count="2" type="stmt"/>
      <line num="81" count="2" type="cond" truecount="2" falsecount="0"/>
      <line num="82" count="1" type="stmt"/>
      <line num="85" count="1" type="stmt"/>
      <line num="86" count="2" type="stmt"/>
      <line num="92" count="2" type="cond" truecount="2" falsecount="0"/>
      <line num="93" count="1" type="stmt"/>
      <line num="96" count="1" type="stmt"/>
      <line num="97" count="2" type="stmt"/>
      <line num="103" count="2" type="cond" truecount="2" falsecount="0"/>
      <line num="104" count="1" type="stmt"/>
      <line num="107" count="1" type="stmt"/>
      <line num="108" count="5" type="stmt"/>
      <line num="114" count="5" type="cond" truecount="2" falsecount="0"/>
      <line num="115" count="4" type="cond" truecount="1" falsecount="1"/>
      <line num="118" count="1" type="stmt"/>
      <line num="119" count="3" type="stmt"/>
      <line num="120" count="3" type="stmt"/>
      <line num="122" count="3" type="stmt"/>
      <line num="123" count="3" type="stmt"/>
      <line num="124" count="3" type="stmt"/>
      <line num="127" count="3" type="stmt"/>
      <line num="134" count="3" type="stmt"/>
      <line num="135" count="3" type="stmt"/>
      <line num="136" count="3" type="stmt"/>
      <line num="138" count="3" type="cond" truecount="2" falsecount="0"/>
      <line num="139" count="2" type="stmt"/>
      <line num="140" count="2" type="cond" truecount="2" falsecount="0"/>
      <line num="141" count="1" type="stmt"/>
      <line num="143" count="1" type="stmt"/>
      <line num="147" count="3" type="stmt"/>
      <line num="156" count="3" type="stmt"/>
      <line num="159" count="1" type="stmt"/>
      <line num="160" count="2" type="stmt"/>
      <line num="166" count="2" type="cond" truecount="1" falsecount="1"/>
      <line num="167" count="2" type="cond" truecount="1" falsecount="1"/>
      <line num="181" count="1" type="stmt"/>
      <line num="182" count="2" type="stmt"/>
      <line num="198" count="2" type="cond" truecount="2" falsecount="0"/>
      <line num="199" count="1" type="stmt"/>
      <line num="200" count="1" type="stmt"/>
      <line num="204" count="1" type="stmt"/>
      <line num="205" count="1" type="cond" truecount="1" falsecount="1"/>
      <line num="206" count="1" type="stmt"/>
      <line num="207" count="1" type="cond" truecount="1" falsecount="1"/>
      <line num="210" count="1" type="stmt"/>
      <line num="216" count="1" type="stmt"/>
      <line num="221" count="1" type="stmt"/>
      <line num="232" count="1" type="stmt"/>
      <line num="235" count="1" type="stmt"/>
      <line num="236" count="2" type="stmt"/>
      <line num="241" count="2" type="cond" truecount="2" falsecount="0"/>
      <line num="248" count="1" type="stmt"/>
      <line num="249" count="7" type="stmt"/>
      <line num="255" count="7" type="cond" truecount="1" falsecount="1"/>
      <line num="256" count="7" type="cond" truecount="1" falsecount="1"/>
      <line num="259" count="1" type="stmt"/>
      <line num="261" count="3" type="stmt"/>
      <line num="268" count="3" type="cond" truecount="1" falsecount="1"/>
      <line num="270" count="3" type="stmt"/>
      <line num="280" count="3" type="cond" truecount="1" falsecount="1"/>
      <line num="281" count="3" type="stmt"/>
      <line num="284" count="1" type="stmt"/>
      <line num="285" count="1" type="stmt"/>
      <line num="286" count="1" type="stmt"/>
      <line num="287" count="2" type="stmt"/>
      <line num="288" count="2" type="stmt"/>
      <line num="290" count="1" type="stmt"/>
      <line num="293" count="1" type="stmt"/>
      <line num="294" count="1" type="stmt"/>
      <line num="299" count="1" type="cond" truecount="1" falsecount="1"/>
      <line num="306" count="1" type="stmt"/>
      <line num="308" count="4" type="cond" truecount="2" falsecount="0"/>
      <line num="309" count="3" type="stmt"/>
      <line num="316" count="3" type="cond" truecount="2" falsecount="0"/>
      <line num="319" count="3" type="stmt"/>
      <line num="331" count="3" type="cond" truecount="2" falsecount="0"/>
      <line num="334" count="2" type="stmt"/>
      <line num="335" count="2" type="stmt"/>
      <line num="336" count="2" type="stmt"/>
      <line num="344" count="2" type="stmt"/>
      <line num="347" count="1" type="stmt"/>
      <line num="348" count="2" type="stmt"/>
      <line num="354" count="2" type="cond" truecount="2" falsecount="0"/>
      <line num="355" count="1" type="stmt"/>
      <line num="358" count="1" type="stmt"/>
      <line num="359" count="1" type="stmt"/>
      <line num="365" count="1" type="cond" truecount="1" falsecount="1"/>
      <line num="366" count="1" type="cond" truecount="1" falsecount="1"/>
      <line num="369" count="1" type="stmt"/>
      <line num="374" count="1" type="stmt"/>
      <line num="379" count="1" type="cond" truecount="1" falsecount="1"/>
      <line num="382" count="1" type="stmt"/>
      <line num="383" count="1" type="stmt"/>
      <line num="389" count="1" type="cond" truecount="1" falsecount="1"/>
      <line num="390" count="1" type="stmt"/>
      <line num="400" count="1" type="stmt"/>
      <line num="401" count="1" type="stmt"/>
      <line num="409" count="1" type="cond" truecount="1" falsecount="1"/>
      <line num="412" count="1" type="stmt"/>
      <line num="418" count="1" type="stmt"/>
      <line num="427" count="1" type="cond" truecount="1" falsecount="1"/>
    </file>
    <file name="elo.ts" path="/Users/shanedasbach/code_projects/everyday-elo-mobile/lib/elo.ts">
      <metrics statements="40" coveredstatements="40" conditionals="13" coveredconditionals="13" methods="17" coveredmethods="17"/>
      <line num="21" count="1" type="stmt"/>
      <line num="25" count="1" type="stmt"/>
      <line num="30" count="1" type="stmt"/>
      <line num="31" count="65" type="stmt"/>
      <line num="37" count="1" type="stmt"/>
      <line num="42" count="28" type="stmt"/>
      <line num="43" count="28" type="stmt"/>
      <line num="46" count="28" type="stmt"/>
      <line num="47" count="28" type="stmt"/>
      <line num="49" count="28" type="stmt"/>
      <line num="58" count="1" type="stmt"/>
      <line num="63" count="30" type="stmt"/>
      <line num="64" count="57" type="stmt"/>
      <line num="66" count="21" type="cond" truecount="4" falsecount="0"/>
      <line num="67" count="2" type="stmt"/>
      <line num="70" count="19" type="stmt"/>
      <line num="72" count="19" type="stmt"/>
      <line num="73" count="63" type="cond" truecount="2" falsecount="0"/>
      <line num="74" count="19" type="stmt"/>
      <line num="76" count="44" type="cond" truecount="2" falsecount="0"/>
      <line num="77" count="19" type="stmt"/>
      <line num="79" count="25" type="stmt"/>
      <line num="86" count="1" type="stmt"/>
      <line num="87" count="22" type="stmt"/>
      <line num="98" count="1" type="stmt"/>
      <line num="99" count="8" type="stmt"/>
      <line num="106" count="1" type="stmt"/>
      <line num="107" count="105" type="cond" truecount="2" falsecount="0"/>
      <line num="110" count="304" type="stmt"/>
      <line num="113" count="103" type="stmt"/>
      <line num="116" count="307" type="stmt"/>
      <line num="119" count="103" type="stmt"/>
      <line num="120" count="101" type="stmt"/>
      <line num="124" count="103" type="stmt"/>
      <line num="125" count="103" type="stmt"/>
      <line num="128" count="103" type="cond" truecount="2" falsecount="0"/>
      <line num="135" count="1" type="stmt"/>
      <line num="136" count="5" type="stmt"/>
      <line num="143" count="1" type="stmt"/>
      <line num="144" count="11" type="stmt"/>
    </file>
  </project>
</coverage>
