{"/Users/shanedasbach/code_projects/everyday-elo-mobile/lib/api.ts": {"path":"/Users/shanedasbach/code_projects/everyday-elo-mobile/lib/api.ts","statementMap":{"0":{"start":{"line":60,"column":0},"end":{"line":60,"column":7}},"1":{"start":{"line":85,"column":0},"end":{"line":85,"column":7}},"2":{"start":{"line":96,"column":0},"end":{"line":96,"column":7}},"3":{"start":{"line":107,"column":0},"end":{"line":107,"column":7}},"4":{"start":{"line":118,"column":0},"end":{"line":118,"column":7}},"5":{"start":{"line":159,"column":0},"end":{"line":159,"column":7}},"6":{"start":{"line":181,"column":0},"end":{"line":181,"column":7}},"7":{"start":{"line":235,"column":0},"end":{"line":235,"column":7}},"8":{"start":{"line":248,"column":0},"end":{"line":248,"column":7}},"9":{"start":{"line":259,"column":0},"end":{"line":259,"column":7}},"10":{"start":{"line":284,"column":0},"end":{"line":284,"column":7}},"11":{"start":{"line":293,"column":0},"end":{"line":293,"column":7}},"12":{"start":{"line":306,"column":0},"end":{"line":306,"column":7}},"13":{"start":{"line":347,"column":0},"end":{"line":347,"column":7}},"14":{"start":{"line":358,"column":0},"end":{"line":358,"column":7}},"15":{"start":{"line":369,"column":0},"end":{"line":369,"column":7}},"16":{"start":{"line":382,"column":0},"end":{"line":382,"column":7}},"17":{"start":{"line":400,"column":0},"end":{"line":400,"column":7}},"18":{"start":{"line":412,"column":0},"end":{"line":412,"column":7}},"19":{"start":{"line":1,"column":0},"end":{"line":1,"column":38}},"20":{"start":{"line":53,"column":2},"end":{"line":53,"column":75}},"21":{"start":{"line":66,"column":29},"end":{"line":66,"column":58}},"22":{"start":{"line":68,"column":32},"end":{"line":79,"column":13}},"23":{"start":{"line":81,"column":2},"end":{"line":81,"column":25}},"24":{"start":{"line":81,"column":13},"end":{"line":81,"column":25}},"25":{"start":{"line":82,"column":2},"end":{"line":82,"column":14}},"26":{"start":{"line":86,"column":26},"end":{"line":90,"column":13}},"27":{"start":{"line":92,"column":2},"end":{"line":92,"column":25}},"28":{"start":{"line":92,"column":13},"end":{"line":92,"column":25}},"29":{"start":{"line":93,"column":2},"end":{"line":93,"column":14}},"30":{"start":{"line":97,"column":26},"end":{"line":101,"column":13}},"31":{"start":{"line":103,"column":2},"end":{"line":103,"column":25}},"32":{"start":{"line":103,"column":13},"end":{"line":103,"column":25}},"33":{"start":{"line":104,"column":2},"end":{"line":104,"column":14}},"34":{"start":{"line":108,"column":26},"end":{"line":112,"column":46}},"35":{"start":{"line":114,"column":2},"end":{"line":114,"column":25}},"36":{"start":{"line":114,"column":13},"end":{"line":114,"column":25}},"37":{"start":{"line":115,"column":2},"end":{"line":115,"column":20}},"38":{"start":{"line":119,"column":16},"end":{"line":119,"column":42}},"39":{"start":{"line":120,"column":44},"end":{"line":120,"column":46}},"40":{"start":{"line":122,"column":2},"end":{"line":154,"column":3}},"41":{"start":{"line":123,"column":18},"end":{"line":123,"column":45}},"42":{"start":{"line":124,"column":22},"end":{"line":124,"column":34}},"43":{"start":{"line":127,"column":30},"end":{"line":132,"column":15}},"44":{"start":{"line":134,"column":62},"end":{"line":134,"column":75}},"45":{"start":{"line":135,"column":27},"end":{"line":135,"column":28}},"46":{"start":{"line":136,"column":33},"end":{"line":136,"column":46}},"47":{"start":{"line":138,"column":4},"end":{"line":145,"column":5}},"48":{"start":{"line":139,"column":6},"end":{"line":139,"column":51}},"49":{"start":{"line":140,"column":6},"end":{"line":144,"column":7}},"50":{"start":{"line":141,"column":8},"end":{"line":141,"column":29}},"51":{"start":{"line":143,"column":8},"end":{"line":143,"column":31}},"52":{"start":{"line":147,"column":4},"end":{"line":153,"column":7}},"53":{"start":{"line":156,"column":2},"end":{"line":156,"column":25}},"54":{"start":{"line":160,"column":26},"end":{"line":164,"column":19}},"55":{"start":{"line":166,"column":2},"end":{"line":166,"column":25}},"56":{"start":{"line":166,"column":13},"end":{"line":166,"column":25}},"57":{"start":{"line":167,"column":2},"end":{"line":167,"column":20}},"58":{"start":{"line":182,"column":26},"end":{"line":196,"column":14}},"59":{"start":{"line":198,"column":2},"end":{"line":201,"column":3}},"60":{"start":{"line":199,"column":4},"end":{"line":199,"column":64}},"61":{"start":{"line":200,"column":4},"end":{"line":200,"column":14}},"62":{"start":{"line":204,"column":35},"end":{"line":204,"column":37}},"63":{"start":{"line":205,"column":2},"end":{"line":230,"column":3}},"64":{"start":{"line":206,"column":17},"end":{"line":206,"column":34}},"65":{"start":{"line":207,"column":4},"end":{"line":207,"column":24}},"66":{"start":{"line":207,"column":15},"end":{"line":207,"column":24}},"67":{"start":{"line":210,"column":33},"end":{"line":213,"column":29}},"68":{"start":{"line":216,"column":36},"end":{"line":219,"column":29}},"69":{"start":{"line":221,"column":4},"end":{"line":229,"column":7}},"70":{"start":{"line":232,"column":2},"end":{"line":232,"column":18}},"71":{"start":{"line":236,"column":20},"end":{"line":239,"column":17}},"72":{"start":{"line":241,"column":2},"end":{"line":241,"column":25}},"73":{"start":{"line":241,"column":13},"end":{"line":241,"column":25}},"74":{"start":{"line":249,"column":26},"end":{"line":253,"column":27}},"75":{"start":{"line":255,"column":2},"end":{"line":255,"column":25}},"76":{"start":{"line":255,"column":13},"end":{"line":255,"column":25}},"77":{"start":{"line":256,"column":2},"end":{"line":256,"column":20}},"78":{"start":{"line":261,"column":29},"end":{"line":266,"column":13}},"79":{"start":{"line":268,"column":19},"end":{"line":268,"column":53}},"80":{"start":{"line":270,"column":26},"end":{"line":278,"column":13}},"81":{"start":{"line":280,"column":2},"end":{"line":280,"column":25}},"82":{"start":{"line":280,"column":13},"end":{"line":280,"column":25}},"83":{"start":{"line":281,"column":2},"end":{"line":281,"column":14}},"84":{"start":{"line":285,"column":28},"end":{"line":285,"column":30}},"85":{"start":{"line":286,"column":2},"end":{"line":289,"column":3}},"86":{"start":{"line":286,"column":15},"end":{"line":286,"column":16}},"87":{"start":{"line":287,"column":17},"end":{"line":287,"column":52}},"88":{"start":{"line":288,"column":4},"end":{"line":288,"column":21}},"89":{"start":{"line":290,"column":2},"end":{"line":290,"column":15}},"90":{"start":{"line":294,"column":20},"end":{"line":297,"column":17}},"91":{"start":{"line":299,"column":2},"end":{"line":299,"column":25}},"92":{"start":{"line":299,"column":13},"end":{"line":299,"column":25}},"93":{"start":{"line":308,"column":2},"end":{"line":317,"column":3}},"94":{"start":{"line":309,"column":31},"end":{"line":314,"column":15}},"95":{"start":{"line":316,"column":4},"end":{"line":316,"column":34}},"96":{"start":{"line":316,"column":18},"end":{"line":316,"column":34}},"97":{"start":{"line":319,"column":35},"end":{"line":329,"column":13}},"98":{"start":{"line":331,"column":2},"end":{"line":331,"column":25}},"99":{"start":{"line":331,"column":13},"end":{"line":331,"column":25}},"100":{"start":{"line":334,"column":16},"end":{"line":334,"column":42}},"101":{"start":{"line":335,"column":2},"end":{"line":342,"column":3}},"102":{"start":{"line":336,"column":4},"end":{"line":341,"column":7}},"103":{"start":{"line":344,"column":2},"end":{"line":344,"column":17}},"104":{"start":{"line":348,"column":26},"end":{"line":352,"column":13}},"105":{"start":{"line":354,"column":2},"end":{"line":354,"column":25}},"106":{"start":{"line":354,"column":13},"end":{"line":354,"column":25}},"107":{"start":{"line":355,"column":2},"end":{"line":355,"column":14}},"108":{"start":{"line":359,"column":26},"end":{"line":363,"column":42}},"109":{"start":{"line":365,"column":2},"end":{"line":365,"column":25}},"110":{"start":{"line":365,"column":13},"end":{"line":365,"column":25}},"111":{"start":{"line":366,"column":2},"end":{"line":366,"column":20}},"112":{"start":{"line":374,"column":20},"end":{"line":377,"column":17}},"113":{"start":{"line":379,"column":2},"end":{"line":379,"column":25}},"114":{"start":{"line":379,"column":13},"end":{"line":379,"column":25}},"115":{"start":{"line":383,"column":28},"end":{"line":387,"column":13}},"116":{"start":{"line":389,"column":2},"end":{"line":397,"column":3}},"117":{"start":{"line":390,"column":4},"end":{"line":396,"column":27}},"118":{"start":{"line":401,"column":20},"end":{"line":407,"column":24}},"119":{"start":{"line":409,"column":2},"end":{"line":409,"column":25}},"120":{"start":{"line":409,"column":13},"end":{"line":409,"column":25}},"121":{"start":{"line":418,"column":20},"end":{"line":425,"column":6}},"122":{"start":{"line":427,"column":2},"end":{"line":427,"column":25}},"123":{"start":{"line":427,"column":13},"end":{"line":427,"column":25}}},"fnMap":{"0":{"name":"generateId","decl":{"start":{"line":52,"column":9},"end":{"line":52,"column":19}},"loc":{"start":{"line":52,"column":19},"end":{"line":54,"column":1}}},"1":{"name":"createList","decl":{"start":{"line":60,"column":22},"end":{"line":60,"column":32}},"loc":{"start":{"line":65,"column":1},"end":{"line":83,"column":1}}},"2":{"name":"getList","decl":{"start":{"line":85,"column":22},"end":{"line":85,"column":29}},"loc":{"start":{"line":85,"column":40},"end":{"line":94,"column":1}}},"3":{"name":"getListByShareCode","decl":{"start":{"line":96,"column":22},"end":{"line":96,"column":40}},"loc":{"start":{"line":96,"column":53},"end":{"line":105,"column":1}}},"4":{"name":"getUserLists","decl":{"start":{"line":107,"column":22},"end":{"line":107,"column":34}},"loc":{"start":{"line":107,"column":49},"end":{"line":116,"column":1}}},"5":{"name":"getUserListsWithStatus","decl":{"start":{"line":118,"column":22},"end":{"line":118,"column":44}},"loc":{"start":{"line":118,"column":59},"end":{"line":157,"column":1}}},"6":{"name":"getTemplateLists","decl":{"start":{"line":159,"column":22},"end":{"line":159,"column":38}},"loc":{"start":{"line":159,"column":38},"end":{"line":168,"column":1}}},"7":{"name":"getFeaturedLists","decl":{"start":{"line":181,"column":22},"end":{"line":181,"column":38}},"loc":{"start":{"line":181,"column":38},"end":{"line":233,"column":1}}},"8":{"name":"deleteList","decl":{"start":{"line":235,"column":22},"end":{"line":235,"column":32}},"loc":{"start":{"line":235,"column":43},"end":{"line":242,"column":1}}},"9":{"name":"getListItems","decl":{"start":{"line":248,"column":22},"end":{"line":248,"column":34}},"loc":{"start":{"line":248,"column":49},"end":{"line":257,"column":1}}},"10":{"name":"addListItem","decl":{"start":{"line":259,"column":22},"end":{"line":259,"column":33}},"loc":{"start":{"line":259,"column":62},"end":{"line":282,"column":1}}},"11":{"name":"addListItems","decl":{"start":{"line":284,"column":22},"end":{"line":284,"column":34}},"loc":{"start":{"line":284,"column":66},"end":{"line":291,"column":1}}},"12":{"name":"deleteListItem","decl":{"start":{"line":293,"column":22},"end":{"line":293,"column":36}},"loc":{"start":{"line":293,"column":47},"end":{"line":300,"column":1}}},"13":{"name":"createRanking","decl":{"start":{"line":306,"column":22},"end":{"line":306,"column":35}},"loc":{"start":{"line":306,"column":67},"end":{"line":345,"column":1}}},"14":{"name":"getRanking","decl":{"start":{"line":347,"column":22},"end":{"line":347,"column":32}},"loc":{"start":{"line":347,"column":43},"end":{"line":356,"column":1}}},"15":{"name":"getRankedItems","decl":{"start":{"line":358,"column":22},"end":{"line":358,"column":36}},"loc":{"start":{"line":358,"column":54},"end":{"line":367,"column":1}}},"16":{"name":"updateRankedItem","decl":{"start":{"line":369,"column":22},"end":{"line":369,"column":38}},"loc":{"start":{"line":372,"column":21},"end":{"line":380,"column":1}}},"17":{"name":"incrementComparisonsCount","decl":{"start":{"line":382,"column":22},"end":{"line":382,"column":47}},"loc":{"start":{"line":382,"column":65},"end":{"line":398,"column":1}}},"18":{"name":"markRankingComplete","decl":{"start":{"line":400,"column":22},"end":{"line":400,"column":41}},"loc":{"start":{"line":400,"column":59},"end":{"line":410,"column":1}}},"19":{"name":"recordComparison","decl":{"start":{"line":412,"column":22},"end":{"line":412,"column":38}},"loc":{"start":{"line":416,"column":25},"end":{"line":428,"column":1}}}},"branchMap":{"0":{"loc":{"start":{"line":75,"column":18},"end":{"line":75,"column":42}},"type":"binary-expr","locations":[{"start":{"line":75,"column":18},"end":{"line":75,"column":33}},{"start":{"line":75,"column":37},"end":{"line":75,"column":42}}]},"1":{"loc":{"start":{"line":81,"column":2},"end":{"line":81,"column":25}},"type":"if","locations":[{"start":{"line":81,"column":2},"end":{"line":81,"column":25}},{"start":{},"end":{}}]},"2":{"loc":{"start":{"line":92,"column":2},"end":{"line":92,"column":25}},"type":"if","locations":[{"start":{"line":92,"column":2},"end":{"line":92,"column":25}},{"start":{},"end":{}}]},"3":{"loc":{"start":{"line":103,"column":2},"end":{"line":103,"column":25}},"type":"if","locations":[{"start":{"line":103,"column":2},"end":{"line":103,"column":25}},{"start":{},"end":{}}]},"4":{"loc":{"start":{"line":114,"column":2},"end":{"line":114,"column":25}},"type":"if","locations":[{"start":{"line":114,"column":2},"end":{"line":114,"column":25}},{"start":{},"end":{}}]},"5":{"loc":{"start":{"line":115,"column":9},"end":{"line":115,"column":19}},"type":"binary-expr","locations":[{"start":{"line":115,"column":9},"end":{"line":115,"column":13}},{"start":{"line":115,"column":17},"end":{"line":115,"column":19}}]},"6":{"loc":{"start":{"line":138,"column":4},"end":{"line":145,"column":5}},"type":"if","locations":[{"start":{"line":138,"column":4},"end":{"line":145,"column":5}},{"start":{},"end":{}}]},"7":{"loc":{"start":{"line":140,"column":6},"end":{"line":144,"column":7}},"type":"if","locations":[{"start":{"line":140,"column":6},"end":{"line":144,"column":7}},{"start":{"line":142,"column":13},"end":{"line":144,"column":7}}]},"8":{"loc":{"start":{"line":166,"column":2},"end":{"line":166,"column":25}},"type":"if","locations":[{"start":{"line":166,"column":2},"end":{"line":166,"column":25}},{"start":{},"end":{}}]},"9":{"loc":{"start":{"line":167,"column":9},"end":{"line":167,"column":19}},"type":"binary-expr","locations":[{"start":{"line":167,"column":9},"end":{"line":167,"column":13}},{"start":{"line":167,"column":17},"end":{"line":167,"column":19}}]},"10":{"loc":{"start":{"line":198,"column":2},"end":{"line":201,"column":3}},"type":"if","locations":[{"start":{"line":198,"column":2},"end":{"line":201,"column":3}},{"start":{},"end":{}}]},"11":{"loc":{"start":{"line":205,"column":21},"end":{"line":205,"column":31}},"type":"binary-expr","locations":[{"start":{"line":205,"column":21},"end":{"line":205,"column":25}},{"start":{"line":205,"column":29},"end":{"line":205,"column":31}}]},"12":{"loc":{"start":{"line":207,"column":4},"end":{"line":207,"column":24}},"type":"if","locations":[{"start":{"line":207,"column":4},"end":{"line":207,"column":24}},{"start":{},"end":{}}]},"13":{"loc":{"start":{"line":227,"column":18},"end":{"line":227,"column":32}},"type":"binary-expr","locations":[{"start":{"line":227,"column":18},"end":{"line":227,"column":27}},{"start":{"line":227,"column":31},"end":{"line":227,"column":32}}]},"14":{"loc":{"start":{"line":228,"column":21},"end":{"line":228,"column":38}},"type":"binary-expr","locations":[{"start":{"line":228,"column":21},"end":{"line":228,"column":33}},{"start":{"line":228,"column":37},"end":{"line":228,"column":38}}]},"15":{"loc":{"start":{"line":241,"column":2},"end":{"line":241,"column":25}},"type":"if","locations":[{"start":{"line":241,"column":2},"end":{"line":241,"column":25}},{"start":{},"end":{}}]},"16":{"loc":{"start":{"line":255,"column":2},"end":{"line":255,"column":25}},"type":"if","locations":[{"start":{"line":255,"column":2},"end":{"line":255,"column":25}},{"start":{},"end":{}}]},"17":{"loc":{"start":{"line":256,"column":9},"end":{"line":256,"column":19}},"type":"binary-expr","locations":[{"start":{"line":256,"column":9},"end":{"line":256,"column":13}},{"start":{"line":256,"column":17},"end":{"line":256,"column":19}}]},"18":{"loc":{"start":{"line":268,"column":19},"end":{"line":268,"column":53}},"type":"binary-expr","locations":[{"start":{"line":268,"column":19},"end":{"line":268,"column":47}},{"start":{"line":268,"column":51},"end":{"line":268,"column":53}}]},"19":{"loc":{"start":{"line":280,"column":2},"end":{"line":280,"column":25}},"type":"if","locations":[{"start":{"line":280,"column":2},"end":{"line":280,"column":25}},{"start":{},"end":{}}]},"20":{"loc":{"start":{"line":299,"column":2},"end":{"line":299,"column":25}},"type":"if","locations":[{"start":{"line":299,"column":2},"end":{"line":299,"column":25}},{"start":{},"end":{}}]},"21":{"loc":{"start":{"line":308,"column":2},"end":{"line":317,"column":3}},"type":"if","locations":[{"start":{"line":308,"column":2},"end":{"line":317,"column":3}},{"start":{},"end":{}}]},"22":{"loc":{"start":{"line":316,"column":4},"end":{"line":316,"column":34}},"type":"if","locations":[{"start":{"line":316,"column":4},"end":{"line":316,"column":34}},{"start":{},"end":{}}]},"23":{"loc":{"start":{"line":323,"column":15},"end":{"line":323,"column":29}},"type":"binary-expr","locations":[{"start":{"line":323,"column":15},"end":{"line":323,"column":21}},{"start":{"line":323,"column":25},"end":{"line":323,"column":29}}]},"24":{"loc":{"start":{"line":324,"column":18},"end":{"line":324,"column":46}},"type":"cond-expr","locations":[{"start":{"line":324,"column":27},"end":{"line":324,"column":31}},{"start":{"line":324,"column":34},"end":{"line":324,"column":46}}]},"25":{"loc":{"start":{"line":331,"column":2},"end":{"line":331,"column":25}},"type":"if","locations":[{"start":{"line":331,"column":2},"end":{"line":331,"column":25}},{"start":{},"end":{}}]},"26":{"loc":{"start":{"line":354,"column":2},"end":{"line":354,"column":25}},"type":"if","locations":[{"start":{"line":354,"column":2},"end":{"line":354,"column":25}},{"start":{},"end":{}}]},"27":{"loc":{"start":{"line":365,"column":2},"end":{"line":365,"column":25}},"type":"if","locations":[{"start":{"line":365,"column":2},"end":{"line":365,"column":25}},{"start":{},"end":{}}]},"28":{"loc":{"start":{"line":366,"column":9},"end":{"line":366,"column":19}},"type":"binary-expr","locations":[{"start":{"line":366,"column":9},"end":{"line":366,"column":13}},{"start":{"line":366,"column":17},"end":{"line":366,"column":19}}]},"29":{"loc":{"start":{"line":379,"column":2},"end":{"line":379,"column":25}},"type":"if","locations":[{"start":{"line":379,"column":2},"end":{"line":379,"column":25}},{"start":{},"end":{}}]},"30":{"loc":{"start":{"line":389,"column":2},"end":{"line":397,"column":3}},"type":"if","locations":[{"start":{"line":389,"column":2},"end":{"line":397,"column":3}},{"start":{},"end":{}}]},"31":{"loc":{"start":{"line":409,"column":2},"end":{"line":409,"column":25}},"type":"if","locations":[{"start":{"line":409,"column":2},"end":{"line":409,"column":25}},{"start":{},"end":{}}]},"32":{"loc":{"start":{"line":427,"column":2},"end":{"line":427,"column":25}},"type":"if","locations":[{"start":{"line":427,"column":2},"end":{"line":427,"column":25}},{"start":{},"end":{}}]}},"s":{"0":1,"1":1,"2":1,"3":1,"4":1,"5":1,"6":1,"7":1,"8":1,"9":1,"10":1,"11":1,"12":1,"13":1,"14":1,"15":1,"16":1,"17":1,"18":1,"19":1,"20":4,"21":3,"22":3,"23":3,"24":1,"25":2,"26":2,"27":2,"28":1,"29":1,"30":2,"31":2,"32":1,"33":1,"34":8,"35":8,"36":1,"37":7,"38":4,"39":4,"40":4,"41":4,"42":4,"43":4,"44":4,"45":4,"46":4,"47":4,"48":2,"49":2,"50":1,"51":1,"52":4,"53":4,"54":4,"55":4,"56":1,"57":3,"58":5,"59":5,"60":1,"61":1,"62":4,"63":4,"64":3,"65":3,"66":1,"67":2,"68":2,"69":2,"70":4,"71":2,"72":2,"73":1,"74":10,"75":10,"76":1,"77":9,"78":7,"79":7,"80":7,"81":7,"82":1,"83":6,"84":1,"85":1,"86":1,"87":3,"88":3,"89":1,"90":2,"91":2,"92":1,"93":4,"94":3,"95":3,"96":1,"97":3,"98":3,"99":1,"100":2,"101":2,"102":2,"103":2,"104":2,"105":2,"106":1,"107":1,"108":4,"109":4,"110":1,"111":3,"112":2,"113":2,"114":1,"115":2,"116":2,"117":1,"118":2,"119":2,"120":1,"121":3,"122":3,"123":1},"f":{"0":4,"1":3,"2":2,"3":2,"4":8,"5":4,"6":4,"7":5,"8":2,"9":10,"10":7,"11":1,"12":2,"13":4,"14":2,"15":4,"16":2,"17":2,"18":2,"19":3},"b":{"0":[3,3],"1":[1,2],"2":[1,1],"3":[1,1],"4":[1,7],"5":[7,1],"6":[2,2],"7":[1,1],"8":[1,3],"9":[3,1],"10":[1,4],"11":[4,1],"12":[1,2],"13":[2,2],"14":[2,2],"15":[1,1],"16":[1,9],"17":[9,1],"18":[7,4],"19":[1,6],"20":[1,1],"21":[3,1],"22":[1,2],"23":[3,1],"24":[2,1],"25":[1,2],"26":[1,1],"27":[1,3],"28":[3,1],"29":[1,1],"30":[1,1],"31":[1,1],"32":[1,2]}}
,"/Users/shanedasbach/code_projects/everyday-elo-mobile/lib/elo.ts": {"path":"/Users/shanedasbach/code_projects/everyday-elo-mobile/lib/elo.ts","statementMap":{"0":{"start":{"line":30,"column":0},"end":{"line":30,"column":16}},"1":{"start":{"line":37,"column":0},"end":{"line":37,"column":16}},"2":{"start":{"line":58,"column":0},"end":{"line":58,"column":16}},"3":{"start":{"line":86,"column":0},"end":{"line":86,"column":16}},"4":{"start":{"line":98,"column":0},"end":{"line":98,"column":16}},"5":{"start":{"line":106,"column":0},"end":{"line":106,"column":16}},"6":{"start":{"line":135,"column":0},"end":{"line":135,"column":16}},"7":{"start":{"line":143,"column":0},"end":{"line":143,"column":16}},"8":{"start":{"line":21,"column":13},"end":{"line":21,"column":35}},"9":{"start":{"line":25,"column":13},"end":{"line":25,"column":27}},"10":{"start":{"line":31,"column":2},"end":{"line":31,"column":59}},"11":{"start":{"line":42,"column":25},"end":{"line":42,"column":67}},"12":{"start":{"line":43,"column":24},"end":{"line":43,"column":66}},"13":{"start":{"line":46,"column":23},"end":{"line":46,"column":69}},"14":{"start":{"line":47,"column":22},"end":{"line":47,"column":66}},"15":{"start":{"line":49,"column":2},"end":{"line":52,"column":4}},"16":{"start":{"line":63,"column":17},"end":{"line":63,"column":59}},"17":{"start":{"line":63,"column":38},"end":{"line":63,"column":58}},"18":{"start":{"line":64,"column":16},"end":{"line":64,"column":57}},"19":{"start":{"line":64,"column":37},"end":{"line":64,"column":56}},"20":{"start":{"line":66,"column":2},"end":{"line":68,"column":3}},"21":{"start":{"line":67,"column":4},"end":{"line":67,"column":50}},"22":{"start":{"line":70,"column":40},"end":{"line":70,"column":74}},"23":{"start":{"line":72,"column":2},"end":{"line":80,"column":5}},"24":{"start":{"line":73,"column":4},"end":{"line":75,"column":5}},"25":{"start":{"line":74,"column":6},"end":{"line":74,"column":82}},"26":{"start":{"line":76,"column":4},"end":{"line":78,"column":5}},"27":{"start":{"line":77,"column":6},"end":{"line":77,"column":81}},"28":{"start":{"line":79,"column":4},"end":{"line":79,"column":16}},"29":{"start":{"line":87,"column":2},"end":{"line":92,"column":6}},"30":{"start":{"line":87,"column":37},"end":{"line":92,"column":4}},"31":{"start":{"line":99,"column":2},"end":{"line":99,"column":56}},"32":{"start":{"line":99,"column":35},"end":{"line":99,"column":54}},"33":{"start":{"line":107,"column":2},"end":{"line":107,"column":36}},"34":{"start":{"line":107,"column":24},"end":{"line":107,"column":36}},"35":{"start":{"line":110,"column":17},"end":{"line":110,"column":73}},"36":{"start":{"line":110,"column":43},"end":{"line":110,"column":72}},"37":{"start":{"line":113,"column":16},"end":{"line":113,"column":25}},"38":{"start":{"line":116,"column":17},"end":{"line":116,"column":61}},"39":{"start":{"line":116,"column":40},"end":{"line":116,"column":60}},"40":{"start":{"line":119,"column":2},"end":{"line":121,"column":4}},"41":{"start":{"line":120,"column":4},"end":{"line":120,"column":73}},"42":{"start":{"line":124,"column":21},"end":{"line":124,"column":64}},"43":{"start":{"line":125,"column":17},"end":{"line":125,"column":74}},"44":{"start":{"line":128,"column":2},"end":{"line":128,"column":65}},"45":{"start":{"line":136,"column":2},"end":{"line":136,"column":34}},"46":{"start":{"line":144,"column":2},"end":{"line":144,"column":54}},"47":{"start":{"line":144,"column":31},"end":{"line":144,"column":52}}},"fnMap":{"0":{"name":"expectedScore","decl":{"start":{"line":30,"column":16},"end":{"line":30,"column":29}},"loc":{"start":{"line":30,"column":62},"end":{"line":32,"column":1}}},"1":{"name":"calculateNewRatings","decl":{"start":{"line":37,"column":16},"end":{"line":37,"column":35}},"loc":{"start":{"line":40,"column":28},"end":{"line":53,"column":1}}},"2":{"name":"applyComparison","decl":{"start":{"line":58,"column":16},"end":{"line":58,"column":31}},"loc":{"start":{"line":61,"column":17},"end":{"line":81,"column":1}}},"3":{"name":"(anonymous_3)","decl":{"start":{"line":63,"column":28},"end":{"line":63,"column":29}},"loc":{"start":{"line":63,"column":38},"end":{"line":63,"column":58}}},"4":{"name":"(anonymous_4)","decl":{"start":{"line":64,"column":27},"end":{"line":64,"column":28}},"loc":{"start":{"line":64,"column":37},"end":{"line":64,"column":56}}},"5":{"name":"(anonymous_5)","decl":{"start":{"line":72,"column":19},"end":{"line":72,"column":20}},"loc":{"start":{"line":72,"column":28},"end":{"line":80,"column":3}}},"6":{"name":"initializeItems","decl":{"start":{"line":86,"column":16},"end":{"line":86,"column":31}},"loc":{"start":{"line":86,"column":47},"end":{"line":93,"column":1}}},"7":{"name":"(anonymous_7)","decl":{"start":{"line":87,"column":19},"end":{"line":87,"column":20}},"loc":{"start":{"line":87,"column":37},"end":{"line":92,"column":4}}},"8":{"name":"getRankedItems","decl":{"start":{"line":98,"column":16},"end":{"line":98,"column":30}},"loc":{"start":{"line":98,"column":47},"end":{"line":100,"column":1}}},"9":{"name":"(anonymous_9)","decl":{"start":{"line":99,"column":25},"end":{"line":99,"column":26}},"loc":{"start":{"line":99,"column":35},"end":{"line":99,"column":54}}},"10":{"name":"selectNextPair","decl":{"start":{"line":106,"column":16},"end":{"line":106,"column":30}},"loc":{"start":{"line":106,"column":47},"end":{"line":129,"column":1}}},"11":{"name":"(anonymous_11)","decl":{"start":{"line":110,"column":33},"end":{"line":110,"column":34}},"loc":{"start":{"line":110,"column":43},"end":{"line":110,"column":72}}},"12":{"name":"(anonymous_12)","decl":{"start":{"line":116,"column":30},"end":{"line":116,"column":31}},"loc":{"start":{"line":116,"column":40},"end":{"line":116,"column":60}}},"13":{"name":"(anonymous_13)","decl":{"start":{"line":119,"column":14},"end":{"line":119,"column":15}},"loc":{"start":{"line":120,"column":4},"end":{"line":120,"column":73}}},"14":{"name":"estimateComparisonsNeeded","decl":{"start":{"line":135,"column":16},"end":{"line":135,"column":41}},"loc":{"start":{"line":135,"column":59},"end":{"line":137,"column":1}}},"15":{"name":"isRankingStable","decl":{"start":{"line":143,"column":16},"end":{"line":143,"column":31}},"loc":{"start":{"line":143,"column":48},"end":{"line":145,"column":1}}},"16":{"name":"(anonymous_16)","decl":{"start":{"line":144,"column":21},"end":{"line":144,"column":22}},"loc":{"start":{"line":144,"column":31},"end":{"line":144,"column":52}}}},"branchMap":{"0":{"loc":{"start":{"line":40,"column":2},"end":{"line":40,"column":28}},"type":"default-arg","locations":[{"start":{"line":40,"column":20},"end":{"line":40,"column":28}}]},"1":{"loc":{"start":{"line":66,"column":2},"end":{"line":68,"column":3}},"type":"if","locations":[{"start":{"line":66,"column":2},"end":{"line":68,"column":3}},{"start":{},"end":{}}]},"2":{"loc":{"start":{"line":66,"column":6},"end":{"line":66,"column":23}},"type":"binary-expr","locations":[{"start":{"line":66,"column":6},"end":{"line":66,"column":13}},{"start":{"line":66,"column":17},"end":{"line":66,"column":23}}]},"3":{"loc":{"start":{"line":73,"column":4},"end":{"line":75,"column":5}},"type":"if","locations":[{"start":{"line":73,"column":4},"end":{"line":75,"column":5}},{"start":{},"end":{}}]},"4":{"loc":{"start":{"line":76,"column":4},"end":{"line":78,"column":5}},"type":"if","locations":[{"start":{"line":76,"column":4},"end":{"line":78,"column":5}},{"start":{},"end":{}}]},"5":{"loc":{"start":{"line":107,"column":2},"end":{"line":107,"column":36}},"type":"if","locations":[{"start":{"line":107,"column":2},"end":{"line":107,"column":36}},{"start":{},"end":{}}]},"6":{"loc":{"start":{"line":128,"column":9},"end":{"line":128,"column":64}},"type":"cond-expr","locations":[{"start":{"line":128,"column":31},"end":{"line":128,"column":46}},{"start":{"line":128,"column":49},"end":{"line":128,"column":64}}]}},"s":{"0":1,"1":1,"2":1,"3":1,"4":1,"5":1,"6":1,"7":1,"8":1,"9":1,"10":53,"11":22,"12":22,"13":22,"14":22,"15":22,"16":16,"17":24,"18":16,"19":36,"20":16,"21":2,"22":14,"23":14,"24":42,"25":14,"26":28,"27":14,"28":14,"29":6,"30":13,"31":5,"32":11,"33":30,"34":2,"35":28,"36":76,"37":28,"38":28,"39":86,"40":28,"41":33,"42":28,"43":28,"44":28,"45":6,"46":11,"47":20},"f":{"0":53,"1":22,"2":16,"3":24,"4":36,"5":42,"6":6,"7":13,"8":5,"9":11,"10":30,"11":76,"12":86,"13":33,"14":6,"15":11,"16":20},"b":{"0":[20],"1":[2,14],"2":[16,15],"3":[14,28],"4":[14,14],"5":[2,28],"6":[13,15]}}
}
