TN:
SF:lib/api.ts
FN:52,generateId
FN:60,createList
FN:85,getList
FN:96,getListByShareCode
FN:107,getUserLists
FN:118,getUserListsWithStatus
FN:159,getTemplateLists
FN:181,getFeaturedLists
FN:235,deleteList
FN:248,getListItems
FN:259,addListItem
FN:284,addListItems
FN:293,deleteListItem
FN:306,createRanking
FN:347,getRanking
FN:358,getRankedItems
FN:369,updateRankedItem
FN:382,incrementComparisonsCount
FN:400,markRankingComplete
FN:412,recordComparison
FNF:20
FNH:20
FNDA:3,generateId
FNDA:2,createList
FNDA:2,getList
FNDA:2,getListByShareCode
FNDA:5,getUserLists
FNDA:3,getUserListsWithStatus
FNDA:2,getTemplateLists
FNDA:2,getFeaturedLists
FNDA:2,deleteList
FNDA:7,getListItems
FNDA:3,addListItem
FNDA:1,addListItems
FNDA:1,deleteListItem
FNDA:4,createRanking
FNDA:2,getRanking
FNDA:1,getRankedItems
FNDA:1,updateRankedItem
FNDA:1,incrementComparisonsCount
FNDA:1,markRankingComplete
FNDA:1,recordComparison
DA:1,1
DA:53,3
DA:60,1
DA:66,2
DA:68,2
DA:81,2
DA:82,1
DA:85,1
DA:86,2
DA:92,2
DA:93,1
DA:96,1
DA:97,2
DA:103,2
DA:104,1
DA:107,1
DA:108,5
DA:114,5
DA:115,4
DA:118,1
DA:119,3
DA:120,3
DA:122,3
DA:123,3
DA:124,3
DA:127,3
DA:134,3
DA:135,3
DA:136,3
DA:138,3
DA:139,2
DA:140,2
DA:141,1
DA:143,1
DA:147,3
DA:156,3
DA:159,1
DA:160,2
DA:166,2
DA:167,2
DA:181,1
DA:182,2
DA:198,2
DA:199,1
DA:200,1
DA:204,1
DA:205,1
DA:206,1
DA:207,1
DA:210,1
DA:216,1
DA:221,1
DA:232,1
DA:235,1
DA:236,2
DA:241,2
DA:248,1
DA:249,7
DA:255,7
DA:256,7
DA:259,1
DA:261,3
DA:268,3
DA:270,3
DA:280,3
DA:281,3
DA:284,1
DA:285,1
DA:286,1
DA:287,2
DA:288,2
DA:290,1
DA:293,1
DA:294,1
DA:299,1
DA:306,1
DA:308,4
DA:309,3
DA:316,3
DA:319,3
DA:331,3
DA:334,2
DA:335,2
DA:336,2
DA:344,2
DA:347,1
DA:348,2
DA:354,2
DA:355,1
DA:358,1
DA:359,1
DA:365,1
DA:366,1
DA:369,1
DA:374,1
DA:379,1
DA:382,1
DA:383,1
DA:389,1
DA:390,1
DA:400,1
DA:401,1
DA:409,1
DA:412,1
DA:418,1
DA:427,1
LF:106
LH:106
BRDA:75,0,0,2
BRDA:75,0,1,2
BRDA:81,1,0,1
BRDA:81,1,1,1
BRDA:92,2,0,1
BRDA:92,2,1,1
BRDA:103,3,0,1
BRDA:103,3,1,1
BRDA:114,4,0,1
BRDA:114,4,1,4
BRDA:115,5,0,4
BRDA:115,5,1,0
BRDA:138,6,0,2
BRDA:138,6,1,1
BRDA:140,7,0,1
BRDA:140,7,1,1
BRDA:166,8,0,0
BRDA:166,8,1,2
BRDA:167,9,0,2
BRDA:167,9,1,0
BRDA:198,10,0,1
BRDA:198,10,1,1
BRDA:205,11,0,1
BRDA:205,11,1,0
BRDA:207,12,0,0
BRDA:207,12,1,1
BRDA:227,13,0,1
BRDA:227,13,1,1
BRDA:228,14,0,1
BRDA:228,14,1,1
BRDA:241,15,0,1
BRDA:241,15,1,1
BRDA:255,16,0,0
BRDA:255,16,1,7
BRDA:256,17,0,7
BRDA:256,17,1,0
BRDA:268,18,0,3
BRDA:268,18,1,0
BRDA:280,19,0,0
BRDA:280,19,1,3
BRDA:299,20,0,0
BRDA:299,20,1,1
BRDA:308,21,0,3
BRDA:308,21,1,1
BRDA:316,22,0,1
BRDA:316,22,1,2
BRDA:323,23,0,3
BRDA:323,23,1,1
BRDA:324,24,0,2
BRDA:324,24,1,1
BRDA:331,25,0,1
BRDA:331,25,1,2
BRDA:354,26,0,1
BRDA:354,26,1,1
BRDA:365,27,0,0
BRDA:365,27,1,1
BRDA:366,28,0,1
BRDA:366,28,1,0
BRDA:379,29,0,0
BRDA:379,29,1,1
BRDA:389,30,0,1
BRDA:389,30,1,0
BRDA:409,31,0,0
BRDA:409,31,1,1
BRDA:427,32,0,0
BRDA:427,32,1,1
BRF:66
BRH:50
end_of_record
TN:
SF:lib/elo.ts
FN:30,expectedScore
FN:37,calculateNewRatings
FN:58,applyComparison
FN:63,(anonymous_3)
FN:64,(anonymous_4)
FN:72,(anonymous_5)
FN:86,initializeItems
FN:87,(anonymous_7)
FN:98,getRankedItems
FN:99,(anonymous_9)
FN:106,selectNextPair
FN:110,(anonymous_11)
FN:116,(anonymous_12)
FN:119,(anonymous_13)
FN:135,estimateComparisonsNeeded
FN:143,isRankingStable
FN:144,(anonymous_16)
FNF:17
FNH:17
FNDA:65,expectedScore
FNDA:28,calculateNewRatings
FNDA:21,applyComparison
FNDA:30,(anonymous_3)
FNDA:57,(anonymous_4)
FNDA:63,(anonymous_5)
FNDA:9,initializeItems
FNDA:22,(anonymous_7)
FNDA:5,getRankedItems
FNDA:8,(anonymous_9)
FNDA:105,selectNextPair
FNDA:304,(anonymous_11)
FNDA:307,(anonymous_12)
FNDA:101,(anonymous_13)
FNDA:5,estimateComparisonsNeeded
FNDA:6,isRankingStable
FNDA:11,(anonymous_16)
DA:21,1
DA:25,1
DA:30,1
DA:31,65
DA:37,1
DA:42,28
DA:43,28
DA:46,28
DA:47,28
DA:49,28
DA:58,1
DA:63,30
DA:64,57
DA:66,21
DA:67,2
DA:70,19
DA:72,19
DA:73,63
DA:74,19
DA:76,44
DA:77,19
DA:79,25
DA:86,1
DA:87,22
DA:98,1
DA:99,8
DA:106,1
DA:107,105
DA:110,304
DA:113,103
DA:116,307
DA:119,103
DA:120,101
DA:124,103
DA:125,103
DA:128,103
DA:135,1
DA:136,5
DA:143,1
DA:144,11
LF:40
LH:40
BRDA:40,0,0,26
BRDA:66,1,0,2
BRDA:66,1,1,19
BRDA:66,2,0,21
BRDA:66,2,1,20
BRDA:73,3,0,19
BRDA:73,3,1,44
BRDA:76,4,0,19
BRDA:76,4,1,25
BRDA:107,5,0,2
BRDA:107,5,1,103
BRDA:128,6,0,46
BRDA:128,6,1,57
BRF:13
BRH:13
end_of_record
