TN:
SF:lib/api.ts
FN:52,generateId
FN:60,createList
FN:85,getList
FN:96,getListByShareCode
FN:107,getUserLists
FN:118,getUserListsWithStatus
FN:159,getTemplateLists
FN:181,getFeaturedLists
FN:235,deleteList
FN:248,getListItems
FN:259,addListItem
FN:284,addListItems
FN:293,deleteListItem
FN:306,createRanking
FN:347,getRanking
FN:358,getRankedItems
FN:369,updateRankedItem
FN:382,incrementComparisonsCount
FN:400,markRankingComplete
FN:412,recordComparison
FNF:20
FNH:20
FNDA:4,generateId
FNDA:3,createList
FNDA:2,getList
FNDA:2,getListByShareCode
FNDA:8,getUserLists
FNDA:4,getUserListsWithStatus
FNDA:4,getTemplateLists
FNDA:5,getFeaturedLists
FNDA:2,deleteList
FNDA:10,getListItems
FNDA:7,addListItem
FNDA:1,addListItems
FNDA:2,deleteListItem
FNDA:4,createRanking
FNDA:2,getRanking
FNDA:4,getRankedItems
FNDA:2,updateRankedItem
FNDA:2,incrementComparisonsCount
FNDA:2,markRankingComplete
FNDA:3,recordComparison
DA:1,1
DA:53,4
DA:60,1
DA:66,3
DA:68,3
DA:81,3
DA:82,2
DA:85,1
DA:86,2
DA:92,2
DA:93,1
DA:96,1
DA:97,2
DA:103,2
DA:104,1
DA:107,1
DA:108,8
DA:114,8
DA:115,7
DA:118,1
DA:119,4
DA:120,4
DA:122,4
DA:123,4
DA:124,4
DA:127,4
DA:134,4
DA:135,4
DA:136,4
DA:138,4
DA:139,2
DA:140,2
DA:141,1
DA:143,1
DA:147,4
DA:156,4
DA:159,1
DA:160,4
DA:166,4
DA:167,3
DA:181,1
DA:182,5
DA:198,5
DA:199,1
DA:200,1
DA:204,4
DA:205,4
DA:206,3
DA:207,3
DA:210,2
DA:216,2
DA:221,2
DA:232,4
DA:235,1
DA:236,2
DA:241,2
DA:248,1
DA:249,10
DA:255,10
DA:256,9
DA:259,1
DA:261,7
DA:268,7
DA:270,7
DA:280,7
DA:281,6
DA:284,1
DA:285,1
DA:286,1
DA:287,3
DA:288,3
DA:290,1
DA:293,1
DA:294,2
DA:299,2
DA:306,1
DA:308,4
DA:309,3
DA:316,3
DA:319,3
DA:331,3
DA:334,2
DA:335,2
DA:336,2
DA:344,2
DA:347,1
DA:348,2
DA:354,2
DA:355,1
DA:358,1
DA:359,4
DA:365,4
DA:366,3
DA:369,1
DA:374,2
DA:379,2
DA:382,1
DA:383,2
DA:389,2
DA:390,1
DA:400,1
DA:401,2
DA:409,2
DA:412,1
DA:418,3
DA:427,3
LF:106
LH:106
BRDA:75,0,0,3
BRDA:75,0,1,3
BRDA:81,1,0,1
BRDA:81,1,1,2
BRDA:92,2,0,1
BRDA:92,2,1,1
BRDA:103,3,0,1
BRDA:103,3,1,1
BRDA:114,4,0,1
BRDA:114,4,1,7
BRDA:115,5,0,7
BRDA:115,5,1,1
BRDA:138,6,0,2
BRDA:138,6,1,2
BRDA:140,7,0,1
BRDA:140,7,1,1
BRDA:166,8,0,1
BRDA:166,8,1,3
BRDA:167,9,0,3
BRDA:167,9,1,1
BRDA:198,10,0,1
BRDA:198,10,1,4
BRDA:205,11,0,4
BRDA:205,11,1,1
BRDA:207,12,0,1
BRDA:207,12,1,2
BRDA:227,13,0,2
BRDA:227,13,1,2
BRDA:228,14,0,2
BRDA:228,14,1,2
BRDA:241,15,0,1
BRDA:241,15,1,1
BRDA:255,16,0,1
BRDA:255,16,1,9
BRDA:256,17,0,9
BRDA:256,17,1,1
BRDA:268,18,0,7
BRDA:268,18,1,4
BRDA:280,19,0,1
BRDA:280,19,1,6
BRDA:299,20,0,1
BRDA:299,20,1,1
BRDA:308,21,0,3
BRDA:308,21,1,1
BRDA:316,22,0,1
BRDA:316,22,1,2
BRDA:323,23,0,3
BRDA:323,23,1,1
BRDA:324,24,0,2
BRDA:324,24,1,1
BRDA:331,25,0,1
BRDA:331,25,1,2
BRDA:354,26,0,1
BRDA:354,26,1,1
BRDA:365,27,0,1
BRDA:365,27,1,3
BRDA:366,28,0,3
BRDA:366,28,1,1
BRDA:379,29,0,1
BRDA:379,29,1,1
BRDA:389,30,0,1
BRDA:389,30,1,1
BRDA:409,31,0,1
BRDA:409,31,1,1
BRDA:427,32,0,1
BRDA:427,32,1,2
BRF:66
BRH:66
end_of_record
TN:
SF:lib/elo.ts
FN:30,expectedScore
FN:37,calculateNewRatings
FN:58,applyComparison
FN:63,(anonymous_3)
FN:64,(anonymous_4)
FN:72,(anonymous_5)
FN:86,initializeItems
FN:87,(anonymous_7)
FN:98,getRankedItems
FN:99,(anonymous_9)
FN:106,selectNextPair
FN:110,(anonymous_11)
FN:116,(anonymous_12)
FN:119,(anonymous_13)
FN:135,estimateComparisonsNeeded
FN:143,isRankingStable
FN:144,(anonymous_16)
FNF:17
FNH:17
FNDA:53,expectedScore
FNDA:22,calculateNewRatings
FNDA:16,applyComparison
FNDA:24,(anonymous_3)
FNDA:36,(anonymous_4)
FNDA:42,(anonymous_5)
FNDA:6,initializeItems
FNDA:13,(anonymous_7)
FNDA:5,getRankedItems
FNDA:11,(anonymous_9)
FNDA:30,selectNextPair
FNDA:76,(anonymous_11)
FNDA:86,(anonymous_12)
FNDA:33,(anonymous_13)
FNDA:6,estimateComparisonsNeeded
FNDA:11,isRankingStable
FNDA:20,(anonymous_16)
DA:21,1
DA:25,1
DA:30,1
DA:31,53
DA:37,1
DA:42,22
DA:43,22
DA:46,22
DA:47,22
DA:49,22
DA:58,1
DA:63,24
DA:64,36
DA:66,16
DA:67,2
DA:70,14
DA:72,14
DA:73,42
DA:74,14
DA:76,28
DA:77,14
DA:79,14
DA:86,1
DA:87,13
DA:98,1
DA:99,11
DA:106,1
DA:107,30
DA:110,76
DA:113,28
DA:116,86
DA:119,28
DA:120,33
DA:124,28
DA:125,28
DA:128,28
DA:135,1
DA:136,6
DA:143,1
DA:144,20
LF:40
LH:40
BRDA:40,0,0,20
BRDA:66,1,0,2
BRDA:66,1,1,14
BRDA:66,2,0,16
BRDA:66,2,1,15
BRDA:73,3,0,14
BRDA:73,3,1,28
BRDA:76,4,0,14
BRDA:76,4,1,14
BRDA:107,5,0,2
BRDA:107,5,1,28
BRDA:128,6,0,13
BRDA:128,6,1,15
BRF:13
BRH:13
end_of_record
